2021-03-07 23:33:07,289 INFO: * Running on http://localhost:8080/ (Press CTRL+C to quit)
2021-03-07 23:33:07,291 INFO: * Restarting with stat
2021-03-07 23:33:07,633 WARNING: * Debugger is active!
2021-03-07 23:33:07,649 INFO: * Debugger PIN: 245-845-146
2021-03-07 23:33:15,325 INFO:Path: /add called with args: [{'name': '124t', 'time': ['12:31 AM']}, {'name': 'fr34', 'time': ['07:00 AM']}]
2021-03-07 23:33:15,331 INFO:Updated datastore: SortedDict({datetime.datetime(1900, 1, 1, 0, 31): [1, {'124t'}]})
2021-03-07 23:33:15,331 INFO:Updated datastore: SortedDict({datetime.datetime(1900, 1, 1, 0, 31): [1, {'124t'}], datetime.datetime(1900, 1, 1, 7, 0): [1, {'fr34'}]})
2021-03-07 23:33:15,331 INFO:Successfully Processed data: [{'name': '124t', 'time': ['12:31 AM']}, {'name': 'fr34', 'time': ['07:00 AM']}], Updated store: SortedDict({datetime.datetime(1900, 1, 1, 0, 31): [1, {'124t'}], datetime.datetime(1900, 1, 1, 7, 0): [1, {'fr34'}]})
2021-03-07 23:33:15,332 INFO:127.0.0.1 - - [07/Mar/2021 23:33:15] "[37mPOST /add HTTP/1.1[0m" 200 -
2021-03-07 23:34:19,733 INFO:Path: /add called with args: [{'name': '1%4t', 'time': ['12:31 AM']}, {'name': 'fr34', 'time': ['07:00 AM']}]
2021-03-07 23:34:19,734 ERROR:Expected Parameter: 'name' of type: <method 'isalnum' of 'str' objects>
2021-03-07 23:34:19,734 ERROR:Returned with status code 400
2021-03-07 23:34:19,734 INFO:127.0.0.1 - - [07/Mar/2021 23:34:19] "[31m[1mPOST /add HTTP/1.1[0m" 400 -
2021-03-07 23:34:55,381 INFO:Path: /add called with args: [{'name': '104t', 'time': ['12:31 AM', '12:00 AM', '7:00 AM']}, {'name': 'fr34', 'time': ['07:00 AM']}]
2021-03-07 23:34:55,382 INFO:Updated datastore: SortedDict({datetime.datetime(1900, 1, 1, 0, 0): [1, {'104t'}], datetime.datetime(1900, 1, 1, 0, 31): [2, {'124t', '104t'}], datetime.datetime(1900, 1, 1, 7, 0): [2, {'104t', 'fr34'}]})
2021-03-07 23:34:55,382 INFO:Updated datastore: SortedDict({datetime.datetime(1900, 1, 1, 0, 0): [1, {'104t'}], datetime.datetime(1900, 1, 1, 0, 31): [2, {'124t', '104t'}], datetime.datetime(1900, 1, 1, 7, 0): [3, {'104t', 'fr34'}]})
2021-03-07 23:34:55,382 INFO:Successfully Processed data: [{'name': '104t', 'time': ['12:31 AM', '12:00 AM', '7:00 AM']}, {'name': 'fr34', 'time': ['07:00 AM']}], Updated store: SortedDict({datetime.datetime(1900, 1, 1, 0, 0): [1, {'104t'}], datetime.datetime(1900, 1, 1, 0, 31): [2, {'124t', '104t'}], datetime.datetime(1900, 1, 1, 7, 0): [3, {'104t', 'fr34'}]})
2021-03-07 23:34:55,382 INFO:127.0.0.1 - - [07/Mar/2021 23:34:55] "[37mPOST /add HTTP/1.1[0m" 200 -
2021-03-07 23:35:53,265 INFO: * Detected change in '/Users/satya/Documents/coding_practices/Python/trainscheduler/trainscheduler/app.py', reloading
2021-03-07 23:35:53,341 INFO: * Restarting with stat
2021-03-07 23:35:54,218 WARNING: * Debugger is active!
2021-03-07 23:35:54,234 INFO: * Debugger PIN: 245-845-146
